build/app/outputs/mapping/release/configuration.txt
# The proguard configuration file for the following section is intermediates/proguard-files/proguard-android.txt-4.1.3
# This is a configuration file for ProGuard.
# http://proguard.sourceforge.net/index.html#manual/usage.html
#
# Starting with version 2.2 of the Android plugin for Gradle, this file is distributed together with
# the plugin and unpacked at build-time. The files in $ANDROID_HOME are no longer maintained and
# will be ignored by new version of the Android plugin for Gradle.

# Optimization is turned off by default. Dex does not like code run
# through the ProGuard optimize steps (and performs some
# of these optimizations on its own).
# Note that if you want to enable optimization, you cannot just
# include optimization flags in your own project configuration file;
# instead you will need to point to the
# "proguard-android-optimize.txt" file instead of this one from your
# project.properties file.
-dontoptimize

-dontusemixedcaseclassnames
-dontskipnonpubliclibraryclasses
-verbose

# Preserve some attributes that may be required for reflection.
-keepattributes *Annotation*,Signature,InnerClasses,EnclosingMethod

-keep public class com.google.vending.licensing.ILicensingService
-keep public class com.android.vending.licensing.ILicensingService
-keep public class com.google.android.vending.licensing.ILicensingService
-dontnote com.android.vending.licensing.ILicensingService
-dontnote com.google.vending.licensing.ILicensingService
-dontnote com.google.android.vending.licensing.ILicensingService

# For native methods, see http://proguard.sourceforge.net/manual/examples.html#native
-keepclasseswithmembernames,includedescriptorclasses class * {
    native <methods>;
}

# Keep setters in Views so that animations can still work.
-keepclassmembers public class * extends android.view.View {
    void set*(***);
    *** get*();
}

# We want to keep methods in Activity that could be used in the XML attribute onClick.
-keepclassmembers class * extends android.app.Activity {
    public void *(android.view.View);
}

# For enumeration classes, see http://proguard.sourceforge.net/manual/examples.html#enumerations
-keepclassmembers enum * {
    public static **[] values();
    public static ** valueOf(java.lang.String);
}

-keepclassmembers class * implements android.os.Parcelable {
    public static final ** CREATOR;
}

# Preserve annotated Javascript interface methods.
-keepclassmembers class * {
    @android.webkit.JavascriptInterface <methods>;
}

# The support libraries contains references to newer platform versions.
# Don't warn about those in case this app is linking against an older
# platform version. We know about them, and they are safe.
-dontnote android.support.**
-dontnote androidx.**
-dontwarn android.support.**
-dontwarn androidx.**

# This class is deprecated, but remains for backward compatibility.
-dontwarn android.util.FloatMath

# Understand the @Keep support annotation.
-keep class android.support.annotation.Keep
-keep class androidx.annotation.Keep

-keep @android.support.annotation.Keep class * {*;}
-keep @androidx.annotation.Keep class * {*;}

-keepclasseswithmembers class * {
    @android.support.annotation.Keep <methods>;
}

-keepclasseswithmembers class * {
    @androidx.annotation.Keep <methods>;
}

-keepclasseswithmembers class * {
    @android.support.annotation.Keep <fields>;
}

-keepclasseswithmembers class * {
    @androidx.annotation.Keep <fields>;
}

-keepclasseswithmembers class * {
    @android.support.annotation.Keep <init>(...);
}

-keepclasseswithmembers class * {
    @androidx.annotation.Keep <init>(...);
}

# These classes are duplicated between android.jar and org.apache.http.legacy.jar.
-dontnote org.apache.http.**
-dontnote android.net.http.**

# These classes are duplicated between android.jar and core-lambda-stubs.jar.
-dontnote java.lang.invoke.**

# End of content from intermediates/proguard-files/proguard-android.txt-4.1.3
# The proguard configuration file for the following section is flutter_tools/gradle/flutter_proguard_rules.pro
# Build the ephemeral app in a module project.
# Prevents: Warning: library class <plugin-package> depends on program class io.flutter.plugin.**
# This is due to plugins (libraries) depending on the embedding (the program jar)
-dontwarn io.flutter.plugin.**

# The android.** package is provided by the OS at runtime.
-dontwarn android.**

# End of content from flutter_tools/gradle/flutter_proguard_rules.pro
# The proguard configuration file for the following section is aapt_proguard_file/release/aapt_rules.txt
-keep class android.app.Application { <init>(); }
-keep class androidx.core.app.CoreComponentFactory { <init>(); }
-keep class androidx.room.MultiInstanceInvalidationService { <init>(); }
-keep class androidx.startup.InitializationProvider { <init>(); }
-keep class androidx.work.impl.background.systemalarm.ConstraintProxy$BatteryChargingProxy { <init>(); }
-keep class androidx.work.impl.background.systemalarm.ConstraintProxy$BatteryNotLowProxy { <init>(); }
-keep class androidx.work.impl.background.systemalarm.ConstraintProxy$NetworkStateProxy { <init>(); }
-keep class androidx.work.impl.background.systemalarm.ConstraintProxy$StorageNotLowProxy { <init>(); }
-keep class androidx.work.impl.background.systemalarm.ConstraintProxyUpdateReceiver { <init>(); }
-keep class androidx.work.impl.background.systemalarm.RescheduleReceiver { <init>(); }
-keep class androidx.work.impl.background.systemalarm.SystemAlarmService { <init>(); }
-keep class androidx.work.impl.background.systemjob.SystemJobService { <init>(); }
-keep class androidx.work.impl.diagnostics.DiagnosticsReceiver { <init>(); }
-keep class androidx.work.impl.foreground.SystemForegroundService { <init>(); }
-keep class androidx.work.impl.utils.ForceStopRunnable$BroadcastReceiver { <init>(); }
-keep class com.example.blind_side.MainActivity { <init>(); }
-keep class com.google.android.gms.common.api.GoogleApiActivity { <init>(); }
-keep class com.google.android.gms.measurement.AppMeasurementJobService { <init>(); }
-keep class com.google.android.gms.measurement.AppMeasurementReceiver { <init>(); }
-keep class com.google.android.gms.measurement.AppMeasurementService { <init>(); }
-keep class com.google.firebase.auth.internal.GenericIdpActivity { <init>(); }
-keep class com.google.firebase.auth.internal.RecaptchaActivity { <init>(); }
-keep class com.google.firebase.components.ComponentDiscoveryService { <init>(); }
-keep class com.google.firebase.provider.FirebaseInitProvider { <init>(); }
-keep class androidx.browser.browseractions.BrowserActionsFallbackMenuView { <init>(android.content.Context, android.util.AttributeSet); }

-keep class androidx.recyclerview.widget.RecyclerView { <init>(android.content.Context, android.util.AttributeSet); }

-keep class com.google.android.exoplayer2.ui.AspectRatioFrameLayout { <init>(android.content.Context, android.util.AttributeSet); }

-keep class com.google.android.exoplayer2.ui.SubtitleView { <init>(android.content.Context, android.util.AttributeSet); }

-keep class com.google.android.exoplayer2.ui.TrackSelectionView { <init>(android.content.Context, android.util.AttributeSet); }


# End of content from aapt_proguard_file/release/aapt_rules.txt
# The proguard configuration file for the following section is release/lib0/proguard.txt
# The point of this package is to specify that a dependent plugin intends to
# use the AndroidX lifecycle classes. Make sure no R8 heuristics shrink classes
# brought in by the embedding's pom.
#
# This isn't strictly needed since by definition, plugins using Android
# lifecycles should implement DefaultLifecycleObserver and therefore keep it
# from being shrunk. But there seems to be an R8 bug so this needs to stay
# https://issuetracker.google.com/issues/142778206.
-keep class androidx.lifecycle.DefaultLifecycleObserver

# End of content from release/lib0/proguard.txt
# The proguard configuration file for the following section is 1f44195b0f723d1fe7ac65a563deb327/jetified-window-1.0.0-beta04/proguard.txt
# Copyright (C) 2020 The Android Open Source Project
#
# Licensed under the Apache License, Version 2.0 (the "License");
# you may not use this file except in compliance with the License.
# You may obtain a copy of the License at
#
#      http://www.apache.org/licenses/LICENSE-2.0
#
# Unless required by applicable law or agreed to in writing, software
# distributed under the License is distributed on an "AS IS" BASIS,
# WITHOUT WARRANTIES OR CONDITIONS OF ANY KIND, either express or implied.
# See the License for the specific language governing permissions and
# limitations under the License.

# Some methods in androidx.window.extensions are accessed through reflection and need to be kept.
# Failure to do so can cause bugs such as b/157286362. This could be overly broad too and should
# ideally be trimmed down to only the classes/methods that actually need to be kept. This should
# be tracked in b/165268619.
-keep class androidx.window.extensions.** { *; }
-dontwarn androidx.window.extensions.**
-keep class androidx.window.extensions.embedding.** { *; }
-dontwarn androidx.window.extensions.embedding.**

# Keep the whole library for now since there is a crash with a missing method.
# TODO(b/165268619) Make a narrow rule
-keep class androidx.window.** { *; }

# We also neep to keep sidecar.** for the same reason.
-keep class androidx.window.sidecar.** { *; }
-dontwarn androidx.window.sidecar.**


# End of content from 1f44195b0f723d1fe7ac65a563deb327/jetified-window-1.0.0-beta04/proguard.txt
# The proguard configuration file for the following section is com.android.tools/r8-from-1.6.0/coroutines.pro
# Allow R8 to optimize away the FastServiceLoader.
# Together with ServiceLoader optimization in R8
# this results in direct instantiation when loading Dispatchers.Main
-assumenosideeffects class kotlinx.coroutines.internal.MainDispatcherLoader {
    boolean FAST_SERVICE_LOADER_ENABLED return false;
}

-assumenosideeffects class kotlinx.coroutines.internal.FastServiceLoaderKt {
    boolean ANDROID_DETECTED return true;
}

-keep class kotlinx.coroutines.android.AndroidDispatcherFactory {*;}

# Disable support for "Missing Main Dispatcher", since we always have Android main dispatcher
-assumenosideeffects class kotlinx.coroutines.internal.MainDispatchersKt {
    boolean SUPPORT_MISSING return false;
}

# Statically turn off all debugging facilities and assertions
-assumenosideeffects class kotlinx.coroutines.DebugKt {
    boolean getASSERTIONS_ENABLED() return false;
    boolean getDEBUG() return false;
    boolean getRECOVER_STACK_TRACES() return false;
}
# End of content from com.android.tools/r8-from-1.6.0/coroutines.pro
# The proguard configuration file for the following section is META-INF/proguard/coroutines.pro
# ServiceLoader support
-keepnames class kotlinx.coroutines.internal.MainDispatcherFactory {}
-keepnames class kotlinx.coroutines.CoroutineExceptionHandler {}

# Most of volatile fields are updated with AFU and should not be mangled
-keepclassmembers class kotlinx.coroutines.** {
    volatile <fields>;
}

# Same story for the standard library's SafeContinuation that also uses AtomicReferenceFieldUpdater
-keepclassmembers class kotlin.coroutines.SafeContinuation {
    volatile <fields>;
}

# These classes are only required by kotlinx.coroutines.debug.AgentPremain, which is only loaded when
# kotlinx-coroutines-core is used as a Java agent, so these are not needed in contexts where ProGuard is used.
-dontwarn java.lang.instrument.ClassFileTransformer
-dontwarn sun.misc.SignalHandler
-dontwarn java.lang.instrument.Instrumentation
-dontwarn sun.misc.Signal

# End of content from META-INF/proguard/coroutines.pro
# The proguard configuration file for the following section is 7fe1e3b91e34bff3a7821aa1f2474af3/jetified-firebase-auth-21.0.6/proguard.txt
-dontwarn com.google.appengine.api.**
-dontwarn okio.**
-dontwarn org.apache.**
-dontwarn retrofit.android.**
-dontwarn retrofit.appengine.**
-dontwarn retrofit.client.**
-dontwarn rx.**

# This is necessary for keeping SecureTokenHttpApi and IdentityToolkitHttpApi
# Otherwise those classes get stripped out, as they are only being used
# reflectively.

-keepclasseswithmembernames interface * {
    @retrofit.http.* <methods>;
}

# We keep all fields for every generated proto file as the runtime uses
# reflection over them that ProGuard cannot detect. Without this keep
# rule, fields may be removed that would cause runtime failures.
-keepclassmembers class * extends com.google.android.gms.internal.firebase-auth-api.zzzx {
  <fields>;
}

# End of content from 7fe1e3b91e34bff3a7821aa1f2474af3/jetified-firebase-auth-21.0.6/proguard.txt
# The proguard configuration file for the following section is 755e2adac53a256792d34de26179e272/jetified-firebase-firestore-24.2.0/proguard.txt
# Needed for DNS resolution.  Present in OpenJDK, but not Android
-dontwarn javax.naming.**

# Don't warn about checkerframework
#
# Guava uses the checkerframework and the annotations
# can safely be ignored at runtime.
-dontwarn org.checkerframework.**

# Guava warnings:
-dontwarn java.lang.ClassValue
-dontwarn com.google.j2objc.annotations.Weak
-dontwarn org.codehaus.mojo.animal_sniffer.IgnoreJRERequirement
-dontwarn javax.lang.model.element.Modifier

# Okhttp warnings.
-dontwarn okio.**
-dontwarn com.google.j2objc.annotations.**

# End of content from 755e2adac53a256792d34de26179e272/jetified-firebase-firestore-24.2.0/proguard.txt
# The proguard configuration file for the following section is bf3bc76cf4ee767330f5c095ca2d26f0/jetified-play-services-measurement-api-21.0.0/proguard.txt
# Can be removed once we pull in a dependency on firebase-common that includes
# https://github.com/firebase/firebase-android-sdk/pull/1472/commits/856f1ca1151cdd88679bbc778892f23dfa34fc06#diff-a2ed34b5a38b4c6c686b09e54865eb48
-dontwarn com.google.auto.value.AutoValue
-dontwarn com.google.auto.value.AutoValue$Builder

# We keep all fields for every generated proto file as the runtime uses
# reflection over them that ProGuard cannot detect. Without this keep
# rule, fields may be removed that would cause runtime failures.
-keepclassmembers class * extends com.google.android.gms.internal.measurement.zzkc {
  <fields>;
}

# End of content from bf3bc76cf4ee767330f5c095ca2d26f0/jetified-play-services-measurement-api-21.0.0/proguard.txt
# The proguard configuration file for the following section is 04328cb0f63273cca0ddf5a07e3b28e2/jetified-firebase-auth-interop-20.0.0/proguard.txt
# Can be removed once we pull in a dependency on firebase-common that includes
# https://github.com/firebase/firebase-android-sdk/pull/1472/commits/856f1ca1151cdd88679bbc778892f23dfa34fc06#diff-a2ed34b5a38b4c6c686b09e54865eb48
-dontwarn com.google.auto.value.AutoValue
-dontwarn com.google.auto.value.AutoValue$Builder

# End of content from 04328cb0f63273cca0ddf5a07e3b28e2/jetified-firebase-auth-interop-20.0.0/proguard.txt
# The proguard configuration file for the following section is f391035ab1ee12ad97f797f6445afeb3/jetified-firebase-common-20.1.1/proguard.txt
-dontwarn com.google.firebase.platforminfo.KotlinDetector
-dontwarn com.google.auto.value.AutoValue
-dontwarn com.google.auto.value.AutoValue$Builder

# End of content from f391035ab1ee12ad97f797f6445afeb3/jetified-firebase-common-20.1.1/proguard.txt
# The proguard configuration file for the following section is 70ea0a27dbcd72b04f95cfb78fcb34b6/jetified-exoplayer-ui-2.17.1/proguard.txt
# Proguard rules specific to the UI module.

# Constructor method accessed via reflection in StyledPlayerView
-dontnote com.google.android.exoplayer2.video.spherical.SphericalGLSurfaceView
-keepclassmembers class com.google.android.exoplayer2.video.spherical.SphericalGLSurfaceView {
  <init>(android.content.Context);
}
-dontnote com.google.android.exoplayer2.video.VideoDecoderGLSurfaceView
-keepclassmembers class com.google.android.exoplayer2.video.VideoDecoderGLSurfaceView {
  <init>(android.content.Context);
}

# Constructor method accessed via reflection in TrackSelectionDialogBuilder
-dontnote androidx.appcompat.app.AlertDialog.Builder
-keepclassmembers class androidx.appcompat.app.AlertDialog$Builder {
  <init>(android.content.Context, int);
  public android.content.Context getContext();
  public androidx.appcompat.app.AlertDialog$Builder setTitle(java.lang.CharSequence);
  public androidx.appcompat.app.AlertDialog$Builder setView(android.view.View);
  public androidx.appcompat.app.AlertDialog$Builder setPositiveButton(int, android.content.DialogInterface$OnClickListener);
  public androidx.appcompat.app.AlertDialog$Builder setNegativeButton(int, android.content.DialogInterface$OnClickListener);
  public androidx.appcompat.app.AlertDialog create();
}
# Equivalent methods needed when the library is de-jetified.
-dontnote androidx.appcompat.app.AlertDialog.Builder
-keepclassmembers class androidx.appcompat.app.AlertDialog$Builder {
  <init>(android.content.Context, int);
  public android.content.Context getContext();
  public androidx.appcompat.app.AlertDialog$Builder setTitle(java.lang.CharSequence);
  public androidx.appcompat.app.AlertDialog$Builder setView(android.view.View);
  public androidx.appcompat.app.AlertDialog$Builder setPositiveButton(int, android.content.DialogInterface$OnClickListener);
  public androidx.appcompat.app.AlertDialog$Builder setNegativeButton(int, android.content.DialogInterface$OnClickListener);
  public androidx.appcompat.app.AlertDialog create();
}

# Don't warn about checkerframework and Kotlin annotations
-dontwarn org.checkerframework.**
-dontwarn kotlin.annotations.jvm.**
-dontwarn javax.annotation.**

# End of content from 70ea0a27dbcd72b04f95cfb78fcb34b6/jetified-exoplayer-ui-2.17.1/proguard.txt
# The proguard configuration file for the following section is 11b0322bd6949dba1d1b8d6ce2509e4b/jetified-exoplayer-core-2.17.1/proguard.txt
# Proguard rules specific to the core module.

# Constructors accessed via reflection in DefaultRenderersFactory
-dontnote com.google.android.exoplayer2.ext.vp9.LibvpxVideoRenderer
-keepclassmembers class com.google.android.exoplayer2.ext.vp9.LibvpxVideoRenderer {
  <init>(long, android.os.Handler, com.google.android.exoplayer2.video.VideoRendererEventListener, int);
}
-dontnote com.google.android.exoplayer2.ext.av1.Libgav1VideoRenderer
-keepclassmembers class com.google.android.exoplayer2.ext.av1.Libgav1VideoRenderer {
  <init>(long, android.os.Handler, com.google.android.exoplayer2.video.VideoRendererEventListener, int);
}
-dontnote com.google.android.exoplayer2.ext.opus.LibopusAudioRenderer
-keepclassmembers class com.google.android.exoplayer2.ext.opus.LibopusAudioRenderer {
  <init>(android.os.Handler, com.google.android.exoplayer2.audio.AudioRendererEventListener, com.google.android.exoplayer2.audio.AudioSink);
}
-dontnote com.google.android.exoplayer2.ext.flac.LibflacAudioRenderer
-keepclassmembers class com.google.android.exoplayer2.ext.flac.LibflacAudioRenderer {
  <init>(android.os.Handler, com.google.android.exoplayer2.audio.AudioRendererEventListener, com.google.android.exoplayer2.audio.AudioSink);
}
-dontnote com.google.android.exoplayer2.ext.ffmpeg.FfmpegAudioRenderer
-keepclassmembers class com.google.android.exoplayer2.ext.ffmpeg.FfmpegAudioRenderer {
  <init>(android.os.Handler, com.google.android.exoplayer2.audio.AudioRendererEventListener, com.google.android.exoplayer2.audio.AudioSink);
}

# Constructors accessed via reflection in DefaultDownloaderFactory
-dontnote com.google.android.exoplayer2.source.dash.offline.DashDownloader
-keepclassmembers class com.google.android.exoplayer2.source.dash.offline.DashDownloader {
  <init>(com.google.android.exoplayer2.MediaItem, com.google.android.exoplayer2.upstream.cache.CacheDataSource$Factory, java.util.concurrent.Executor);
}
-dontnote com.google.android.exoplayer2.source.hls.offline.HlsDownloader