build/app/outputs/mapping/release/seeds.txt
com.example.blind_side.MainActivity
com.example.blind_side.MainActivity: MainActivity()
...
com.google.android.gms.internal.measurement.zzfs
com.google.android.gms.common.internal.TelemetryData: android.os.Parcelable$Creator CREATOR
com.google.android.exoplayer2.metadata.id3.CommentFrame: android.os.Parcelable$Creator CREATOR
com.google.android.exoplayer2.source.hls.HlsTrackMetadataEntry$VariantInfo: android.os.Parcelable$Creator CREATOR
com.google.android.gms.internal.firebase-auth-api.zzkt: boolean zzh
com.google.firestore.v1.BatchGetDocumentsResponse: int resultCase_
androidx.work.impl.background.systemalarm.SystemAlarmService
com.google.android.exoplayer2.ui.TrackSelectionView: boolean getIsDisabled()
androidx.core.view.ViewCompat$Api19Impl: boolean isLayoutDirectionResolved(android.view.View)
com.google.android.gms.internal.firebase-auth-api.zzlj: com.google.android.gms.internal.firebase-auth-api.zzlj zzb
androidx.window.layout.SidecarCompat$DistinctSidecarElementCallback: java.util.concurrent.locks.ReentrantLock lock
androidx.media.app.NotificationCompat$Api21Impl: void setShowActionsInCompactView(android.app.Notification$MediaStyle,int[])
androidx.media.AudioAttributesImplApi26
androidx.window.embedding.EmbeddingAdapter
androidx.window.layout.WindowMetricsCalculatorCompat: android.view.DisplayCutout getCutoutForDisplay(android.view.Display)
com.google.android.gms.internal.firebase-auth-api.zzib
androidx.window.embedding.ActivityFilter: java.lang.String getIntentAction()
com.google.android.gms.internal.firebase-auth-api.zzld
androidx.core.view.ViewCompat$Api21Impl: android.content.res.ColorStateList getBackgroundTintList(android.view.View)
androidx.window.embedding.EmbeddingAdapter: java.util.function.Predicate translateActivityIntentPredicates(java.util.Set)
androidx.window.embedding.EmbeddingAdapter: boolean translateActivityPredicates$lambda-6(java.util.Set,android.app.Activity)
kotlinx.coroutines.channels.ArrayChannel
kotlinx.coroutines.DispatchedCoroutine
androidx.core.view.ViewCompat$Api19Impl: boolean isAttachedToWindow(android.view.View)
io.flutter.plugins.GeneratedPluginRegistrant
androidx.window.embedding.SplitInfo
io.flutter.embedding.engine.FlutterJNI: android.os.Looper mainLooper
android.support.v4.media.session.PlaybackStateCompat$Api21Impl: java.util.List getCustomActions(android.media.session.PlaybackState)
com.google.android.gms.measurement.AppMeasurement$ConditionalUserProperty: android.os.Bundle mTriggeredEventParams
com.google.firestore.v1.BatchGetDocumentsRequest: com.google.protobuf.Parser PARSER
com.google.firestore.v1.StructuredQuery: int WHERE_FIELD_NUMBER
com.google.android.gms.internal.measurement.zznb: com.google.android.gms.internal.measurement.zznb[] values()
io.flutter.embedding.engine.FlutterJNI: boolean loadLibraryCalled
androidx.window.R$styleable: int SplitPairRule_splitMinWidth
com.google.firestore.v1.Target: java.lang.Object targetType_
com.google.firestore.v1.BatchGetDocumentsResponse: int READ_TIME_FIELD_NUMBER
androidx.window.layout.SidecarCompat
com.google.android.gms.measurement.internal.AppMeasurementDynamiteService: void setEventInterceptor(com.google.android.gms.internal.measurement.zzci)
com.google.android.gms.measurement.internal.AppMeasurementDynamiteService: AppMeasurementDynamiteService()
com.google.firebase.firestore.proto.Target: com.google.firebase.firestore.proto.Target DEFAULT_INSTANCE
io.flutter.embedding.engine.FlutterOverlaySurface: android.view.Surface surface
io.flutter.embedding.engine.renderer.SurfaceTextureWrapper: void release()
androidx.window.layout.WindowMetricsCalculatorCompat: android.graphics.Point getRealSizeForDisplay$window_release(android.view.Display)
kotlinx.coroutines.android.HandlerContext
com.google.android.gms.internal.measurement.zzfm: com.google.android.gms.internal.measurement.zzfm zza
kotlinx.coroutines.internal.LockFreeTaskQueue
android.support.v4.media.session.PlaybackStateCompat$Api21Impl: void setActions(android.media.session.PlaybackState$Builder,long)