build/app/outputs/mapping/release/mapping.txt
# compiler: R8
# compiler_version: 2.1.86
# min_api: 28
# pg_map_id: 20a5b08
# common_typos_disable
...
com.google.firebase.components.Component$1 -> com.google.firebase.components.n$a:
com.google.firebase.components.Component$Builder -> com.google.firebase.components.n$b:
    com.google.firebase.components.ComponentFactory factory -> e
    java.util.Set publishedEvents -> f
    java.util.Set providedInterfaces -> a
    int type -> d
    java.util.Set dependencies -> b
    int instantiation -> c
    com.google.firebase.components.Component$Builder access$100(com.google.firebase.components.Component$Builder) -> a
    com.google.firebase.components.Component$Builder add(com.google.firebase.components.Dependency) -> b
    com.google.firebase.components.Component build() -> c
    com.google.firebase.components.Component$Builder eagerInDefaultApp() -> d
    com.google.firebase.components.Component$Builder factory(com.google.firebase.components.ComponentFactory) -> e
    com.google.firebase.components.Component$Builder intoSet() -> f
    com.google.firebase.components.Component$Builder setInstantiation(int) -> g
    void validateInterface(java.lang.Class) -> h
com.google.firebase.components.ComponentContainer -> com.google.firebase.components.o:
    java.lang.Object get(java.lang.Class) -> a
    java.util.Set setOf(java.lang.Class) -> b
    com.google.firebase.inject.Provider getProvider(java.lang.Class) -> c
    com.google.firebase.inject.Provider setOfProvider(java.lang.Class) -> d
    com.google.firebase.inject.Deferred getDeferred(java.lang.Class) -> e
com.google.firebase.components.ComponentDiscovery -> com.google.firebase.components.p:
    com.google.firebase.components.ComponentDiscovery$RegistrarNameRetriever retriever -> b
    java.lang.Object context -> a
    java.util.List discoverLazy() -> a
    com.google.firebase.components.ComponentDiscovery forContext(android.content.Context,java.lang.Class) -> b
    com.google.firebase.components.ComponentRegistrar instantiate(java.lang.String) -> c
    com.google.firebase.components.ComponentRegistrar lambda$discoverLazy$0(java.lang.String) -> d
com.google.firebase.components.ComponentDiscovery$1 -> com.google.firebase.components.p$a:
com.google.firebase.components.ComponentDiscovery$MetadataRegistrarNameRetriever -> com.google.firebase.components.p$b:
    java.lang.Class discoveryService -> a
    java.util.List retrieve(java.lang.Object) -> a
    android.os.Bundle getMetadata(android.content.Context) -> b
    java.util.List retrieve(android.content.Context) -> c
com.google.firebase.components.ComponentDiscovery$RegistrarNameRetriever -> com.google.firebase.components.p$c:
    java.util.List retrieve(java.lang.Object) -> a
com.google.firebase.components.ComponentFactory -> com.google.firebase.components.q:
    java.lang.Object create(com.google.firebase.components.ComponentContainer) -> a
com.google.firebase.components.ComponentRegistrar -> com.google.firebase.components.r: