build/app/outputs/mapping/release/usage.txt
com.example.blind_side.R$id
com.example.blind_side.R$xml
com.example.blind_side.R$menu
com.example.blind_side.R$styleable
com.example.blind_side.R$color
com.example.blind_side.R$drawable
com.example.blind_side.R$layout
com.example.blind_side.R$style
com.example.blind_side.R$dimen
com.example.blind_side.BuildConfig
com.example.blind_side.R$mipmap
com.example.blind_side.R$string
com.example.blind_side.R$array
com.example.blind_side.R
com.example.blind_side.R$raw
com.example.blind_side.R$plurals
com.example.blind_side.R$font
com.example.blind_side.R$integer
com.example.blind_side.R$attr
com.example.blind_side.R$bool
...
com.google.common.collect.MapMakerInternalMap$StrongKeyDummyValueSegment
io.flutter.view.FlutterMain
kotlin.io.FileTreeWalk$FileTreeWalkIterator
com.google.common.util.concurrent.CycleDetectingLockFactory$PotentialDeadlockException
com.google.gson.internal.bind.TypeAdapters$10
com.google.android.gms.common.api.internal.TaskUtil:
    public static com.google.android.gms.tasks.Task toVoidTaskThatFailsOnFalse(com.google.android.gms.tasks.Task)
    public void <init>()
    public static boolean trySetResultOrApiException(com.google.android.gms.common.api.Status,java.lang.Object,com.google.android.gms.tasks.TaskCompletionSource)
androidx.core.view.DisplayCompat$Api17Impl
com.google.common.base.Equivalence$Equals
android.support.v4.media.MediaBrowserCompat
com.google.android.exoplayer2.source.mediaparser.package-info
org.checkerframework.checker.nullness.qual.EnsuresNonNull
com.google.android.exoplayer2.trackselection.TrackSelectionParameters$Builder:
    protected com.google.android.exoplayer2.trackselection.TrackSelectionParameters$Builder set(com.google.android.exoplayer2.trackselection.TrackSelectionParameters)
    public com.google.android.exoplayer2.trackselection.TrackSelectionParameters$Builder setMaxVideoSizeSd()
    public com.google.android.exoplayer2.trackselection.TrackSelectionParameters$Builder setMaxVideoFrameRate(int)
    public com.google.android.exoplayer2.trackselection.TrackSelectionParameters$Builder setMinVideoSize(int,int)
    public com.google.android.exoplayer2.trackselection.TrackSelectionParameters$Builder setMinVideoFrameRate(int)
    public com.google.android.exoplayer2.trackselection.TrackSelectionParameters$Builder setMinVideoBitrate(int)
    public com.google.android.exoplayer2.trackselection.TrackSelectionParameters$Builder clearViewportSizeConstraints()
    public com.google.android.exoplayer2.trackselection.TrackSelectionParameters$Builder setPreferredVideoMimeType(java.lang.String)
    public varargs com.google.android.exoplayer2.trackselection.TrackSelectionParameters$Builder setPreferredVideoMimeTypes(java.lang.String[])
    public com.google.android.exoplayer2.trackselection.TrackSelectionParameters$Builder setPreferredVideoRoleFlags(int)
    public com.google.android.exoplayer2.trackselection.TrackSelectionParameters$Builder setPreferredAudioLanguage(java.lang.String)
com.google.android.exoplayer2.source.MergingMediaPeriod
com.google.firebase.auth.internal.zzo:
    public final java.lang.String getData(int)
com.google.common.reflect.Types$JavaVersion$4
com.google.longrunning.ListOperationsRequest$1
com.google.gson.internal.bind.TypeAdapters$23
com.google.firestore.v1.StructuredQuery$FieldFilter$Operator:
    public static com.google.firestore.v1.StructuredQuery$FieldFilter$Operator valueOf(int)
    public static com.google.protobuf.Internal$EnumLiteMap internalGetValueMap()
    public static com.google.protobuf.Internal$EnumVerifier internalGetVerifier()
    public static final int OPERATOR_UNSPECIFIED_VALUE
    public static final int LESS_THAN_VALUE
    public static final int LESS_THAN_OR_EQUAL_VALUE
    public static final int GREATER_THAN_VALUE
    public static final int GREATER_THAN_OR_EQUAL_VALUE
    public static final int EQUAL_VALUE
    public static final int NOT_EQUAL_VALUE
    public static final int ARRAY_CONTAINS_VALUE
    public static final int IN_VALUE
    public static final int ARRAY_CONTAINS_ANY_VALUE
    public static final int NOT_IN_VALUE
com.squareup.okhttp.internal.Internal
androidx.loader.content.ModernAsyncTask$1